<?xml version="1.0" encoding="UTF-8"?>
<testsuite name="com.indra.runners.AdvantageonlineshoppingRunners" tests="0" skipped="0" failures="0" errors="0" timestamp="1970-01-01T00:00:00" hostname="22LAP5CD1346NJJ" time="0.0">
  <properties/>
  <system-out><![CDATA[09:38:47.769 [Test worker] DEBUG net.thucydides.core.util.PropertiesFileLocalPreferences - LOADING LOCAL PROPERTIES FROM C:\Users\SoporteTI\Desktop\ENTREGAS\HU_1\serenity.properties 
09:38:47.916 [Test worker] DEBUG net.thucydides.core.util.PropertiesFileLocalPreferences - LOADING LOCAL PROPERTIES FROM C:\Users\SoporteTI\Desktop\ENTREGAS\HU_1\serenity.properties 
09:38:47.918 [Test worker] DEBUG net.thucydides.core.util.PropertiesFileLocalPreferences - LOADING LOCAL PROPERTIES FROM C:\Users\SoporteTI\Desktop\ENTREGAS\HU_1\serenity.properties 
09:38:47.931 [Test worker] DEBUG net.thucydides.core.util.PropertiesFileLocalPreferences - webdriver.driver=chrome
09:38:47.932 [Test worker] DEBUG net.thucydides.core.util.PropertiesFileLocalPreferences - chrome.capabilities.incognito=true
09:38:47.932 [Test worker] DEBUG net.thucydides.core.util.PropertiesFileLocalPreferences - webdriver.chrome.driver=src/test/resources/drivers/chromedriver.exe
09:38:47.932 [Test worker] DEBUG net.thucydides.core.util.PropertiesFileLocalPreferences - chrome.capabilities.acceptSslCerts=true
09:38:47.932 [Test worker] DEBUG net.thucydides.core.util.PropertiesFileLocalPreferences - serenity.console.colors=true
09:38:47.932 [Test worker] DEBUG net.thucydides.core.util.PropertiesFileLocalPreferences - webdriver.base.url=https://advantageonlineshopping.com/#/
09:38:47.933 [Test worker] DEBUG net.thucydides.core.util.PropertiesFileLocalPreferences - serenity.project.name=Dojo Serenity / Cucumber
09:38:47.933 [Test worker] DEBUG net.thucydides.core.util.PropertiesFileLocalPreferences - webdriver.wait.for.timeout=6000
09:38:47.933 [Test worker] DEBUG net.thucydides.core.util.PropertiesFileLocalPreferences - serenity.use.unique.browser=true
09:38:47.933 [Test worker] DEBUG net.thucydides.core.util.PropertiesFileLocalPreferences - webdriver.timeouts.implicitlywait=20000
09:38:47.933 [Test worker] DEBUG net.thucydides.core.util.PropertiesFileLocalPreferences - serenity.browser.maximized=true
09:38:48.286 [Test worker] DEBUG net.thucydides.core.util.PropertiesFileLocalPreferences - LOADING LOCAL PROPERTIES FROM C:\Users\SoporteTI\Desktop\ENTREGAS\HU_1\serenity.properties 
09:38:48.372 [Test worker] DEBUG net.thucydides.core.util.PropertiesFileLocalPreferences - LOADING LOCAL PROPERTIES FROM C:\Users\SoporteTI\Desktop\ENTREGAS\HU_1\serenity.properties 
09:38:48.373 [Test worker] DEBUG net.thucydides.core.util.PropertiesFileLocalPreferences - LOADING LOCAL PROPERTIES FROM C:\Users\SoporteTI\Desktop\ENTREGAS\HU_1\serenity.properties 
09:38:48.374 [Test worker] DEBUG net.thucydides.core.util.PropertiesFileLocalPreferences - webdriver.driver=chrome
09:38:48.375 [Test worker] DEBUG net.thucydides.core.util.PropertiesFileLocalPreferences - chrome.capabilities.incognito=true
09:38:48.375 [Test worker] DEBUG net.thucydides.core.util.PropertiesFileLocalPreferences - webdriver.chrome.driver=src/test/resources/drivers/chromedriver.exe
09:38:48.375 [Test worker] DEBUG net.thucydides.core.util.PropertiesFileLocalPreferences - chrome.capabilities.acceptSslCerts=true
09:38:48.375 [Test worker] DEBUG net.thucydides.core.util.PropertiesFileLocalPreferences - serenity.console.colors=true
09:38:48.375 [Test worker] DEBUG net.thucydides.core.util.PropertiesFileLocalPreferences - webdriver.base.url=https://advantageonlineshopping.com/#/
09:38:48.375 [Test worker] DEBUG net.thucydides.core.util.PropertiesFileLocalPreferences - serenity.project.name=Dojo Serenity / Cucumber
09:38:48.375 [Test worker] DEBUG net.thucydides.core.util.PropertiesFileLocalPreferences - webdriver.wait.for.timeout=6000
09:38:48.375 [Test worker] DEBUG net.thucydides.core.util.PropertiesFileLocalPreferences - serenity.use.unique.browser=true
09:38:48.376 [Test worker] DEBUG net.thucydides.core.util.PropertiesFileLocalPreferences - webdriver.timeouts.implicitlywait=20000
09:38:48.376 [Test worker] DEBUG net.thucydides.core.util.PropertiesFileLocalPreferences - serenity.browser.maximized=true
09:38:48.384 [Test worker] INFO net.thucydides.core.steps.ConsoleLoggingListener - ?[96m

-------------------------------------------------------------------------------------
     _______. _______ .______       _______ .__   __.  __  .___________.____    ____ 
    /       ||   ____||   _  \     |   ____||  \ |  | |  | |           |\   \  /   / 
   |   (----`|  |__   |  |_)  |    |  |__   |   \|  | |  | `---|  |----` \   \/   /  
    \   \    |   __|  |      /     |   __|  |  . `  | |  |     |  |       \_    _/   
.----)   |   |  |____ |  |\  \----.|  |____ |  |\   | |  |     |  |         |  |     
|_______/    |_______|| _| `._____||_______||__| \__| |__|     |__|         |__|    
                                                                                     
 News and tutorials at http://www.serenity-bdd.info                                  
 Documentation at https://wakaleo.gitbooks.io/the-serenity-book/content/             
 Join the Serenity Community on Rocket Chat at https://serenity-bdd.rocket.chat      
 Serenity BDD Support and Training at http://serenity-bdd.info/#/trainingandsupport  
 Learn Serenity BDD online at http://serenity-dojo.com                               
-------------------------------------------------------------------------------------
?[0m
09:38:48.388 [Test worker] DEBUG net.thucydides.core.steps.StepEventBus - Test suite started for story net.thucydides.core.model.Story@74143b0d
09:38:48.389 [Test worker] INFO net.thucydides.core.steps.ConsoleLoggingListener - Test Suite Started: Ver diferentes categorias de productos
09:38:48.452 [Test worker] INFO net.thucydides.core.steps.ConsoleLoggingListener - 
 _____ _____ ____ _____   ____ _____  _    ____ _____ _____ ____  
|_   _| ____/ ___|_   _| / ___|_   _|/ \  |  _ \_   _| ____|  _ \ 
  | | |  _| \___ \ | |   \___ \ | | / _ \ | |_) || | |  _| | | | |
  | | | |___ ___) || |    ___) || |/ ___ \|  _ < | | | |___| |_| |
  |_| |_____|____/ |_|   |____/ |_/_/   \_\_| \_\|_| |_____|____/ 
                                                                  

TEST STARTED: el usuario deberia  poder ver las diferentes categorias de productos
-------------------------------------------------------------------(ver-diferentes-categorias-de-productos;el-usuario-deberia--poder-ver-las-diferentes-categorias-de-productos)
09:38:48.693 [Test worker] DEBUG net.thucydides.core.reports.ReportService - Reporting formats: [JSON, HTML]
09:38:48.757 [Test worker] DEBUG net.thucydides.core.reports.ReportService - Reporting formats: [JSON, HTML]
09:38:48.765 [Test worker] DEBUG net.thucydides.core.reports.ReportService - Generating reports for 1 test outcomes using: net.thucydides.core.reports.json.JSONTestOutcomeReporter@403cfc58
09:38:48.766 [pool-1-thread-1] DEBUG net.thucydides.core.reports.ReportService - Processing test outcome Ver diferentes categorias de productos:el usuario deberia  poder ver las diferentes categorias de productos
09:38:48.767 [pool-1-thread-1] DEBUG net.thucydides.core.reports.ReportService - net.thucydides.core.reports.json.JSONTestOutcomeReporter@403cfc58: Generating report for test outcome: Ver diferentes categorias de productos:el usuario deberia  poder ver las diferentes categorias de productos
09:38:48.776 [pool-1-thread-1] DEBUG net.thucydides.core.reports.json.JSONTestOutcomeReporter - Generating JSON report for el usuario deberia  poder ver las diferentes categorias de productos to file C:\Users\SoporteTI\Desktop\ENTREGAS\HU_1\target\site\serenity\e9dfceac4c384e389afbbfcac777b17fef0003517cc6311d61ce8d37840a5727.json (using temp file C:\Users\SoporteTI\Desktop\ENTREGAS\HU_1\target\site\serenity\e9dfceac4c384e389afbbfcac777b17fef0003517cc6311d61ce8d37840a5727.json4bd50481-d6de-4255-8be0-73d63d97cb33)
09:38:48.921 [pool-1-thread-1] DEBUG net.thucydides.core.reports.ReportService - Processing test outcome Ver diferentes categorias de productos:el usuario deberia  poder ver las diferentes categorias de productos done
09:38:48.921 [Test worker] DEBUG net.thucydides.core.reports.ReportService - Shutting down executor service
09:38:48.921 [Test worker] DEBUG net.thucydides.core.reports.ReportService - Reports generated in: 155 ms
09:38:48.921 [Test worker] DEBUG net.thucydides.core.reports.ReportService - Generating reports for 1 test outcomes using: net.thucydides.core.reports.html.HtmlAcceptanceTestReporter@5d86852
09:38:48.922 [pool-2-thread-1] DEBUG net.thucydides.core.reports.ReportService - Processing test outcome Ver diferentes categorias de productos:el usuario deberia  poder ver las diferentes categorias de productos
09:38:48.922 [pool-2-thread-1] DEBUG net.thucydides.core.reports.ReportService - net.thucydides.core.reports.html.HtmlAcceptanceTestReporter@5d86852: Generating report for test outcome: Ver diferentes categorias de productos:el usuario deberia  poder ver las diferentes categorias de productos
09:38:48.923 [pool-2-thread-1] DEBUG net.thucydides.core.reports.html.HtmlAcceptanceTestReporter - GENERATE TEST OUTCOME REPORT FOR el usuario deberia  poder ver las diferentes categorias de productos in e9dfceac4c384e389afbbfcac777b17fef0003517cc6311d61ce8d37840a5727
09:38:48.939 [pool-2-thread-1] DEBUG net.thucydides.core.requirements.RequirementsTagProvider -  found:[]
09:38:48.949 [pool-2-thread-1] DEBUG net.thucydides.core.requirements.RequirementsTagProvider -  found:[]
09:38:49.030 [pool-2-thread-1] DEBUG net.thucydides.core.reports.html.HtmlAcceptanceTestReporter - GENERATING HTML REPORT FOR Ver diferentes categorias de productos:el usuario deberia  poder ver las diferentes categorias de productos in e9dfceac4c384e389afbbfcac777b17fef0003517cc6311d61ce8d37840a5727.html in directory C:\Users\SoporteTI\Desktop\ENTREGAS\HU_1\target\site\serenity  
09:38:49.037 [pool-2-thread-1] DEBUG net.thucydides.core.reports.html.HtmlAcceptanceTestReporter - Generating report in e9dfceac4c384e389afbbfcac777b17fef0003517cc6311d61ce8d37840a5727.html
09:38:49.357 [pool-2-thread-1] DEBUG net.thucydides.core.requirements.RequirementsTagProvider -  found:[]
09:38:49.363 [pool-2-thread-1] DEBUG net.thucydides.core.requirements.RequirementsTagProvider -  found:[]
09:38:49.434 [pool-2-thread-1] DEBUG net.thucydides.core.reports.html.HtmlAcceptanceTestReporter - Generated report e9dfceac4c384e389afbbfcac777b17fef0003517cc6311d61ce8d37840a5727.html in 397 ms
09:38:49.434 [pool-2-thread-1] DEBUG net.thucydides.core.reports.ReportService - Processing test outcome Ver diferentes categorias de productos:el usuario deberia  poder ver las diferentes categorias de productos done
09:38:49.434 [Test worker] DEBUG net.thucydides.core.reports.ReportService - Shutting down executor service
09:38:49.435 [Test worker] DEBUG net.thucydides.core.reports.ReportService - Reports generated in: 514 ms

1 Scenarios (?[33m1 undefined?[0m)
3 Steps (?[36m2 skipped?[0m, ?[33m1 undefined?[0m)
0m0,543s


You can implement missing steps with the snippets below:

@Given("^que el usuario ingresa a la pagina de inicio$")
public void queElUsuarioIngresaALaPaginaDeInicio() {
    // Write code here that turns the phrase above into concrete actions
    throw new PendingException();
}


]]></system-out>
  <system-err><![CDATA[]]></system-err>
</testsuite>
