<?xml version="1.0" encoding="UTF-8"?>
<testsuite name="Ver diferentes categorias de productos" tests="1" skipped="1" failures="0" errors="0" timestamp="2021-12-29T14:38:48" hostname="22LAP5CD1346NJJ" time="0.056">
  <properties/>
  <testcase name="el usuario deberia  poder ver las diferentes categorias de productos" classname="Ver diferentes categorias de productos" time="0.056">
    <skipped/>
  </testcase>
  <system-out><![CDATA[09:38:48.579 [Test worker] INFO net.thucydides.core.steps.ConsoleLoggingListener - ?[96mTEST PENDING?[0m
09:38:48.596 [Test worker] INFO net.thucydides.core.steps.ConsoleLoggingListener - ?[96m
          __  _____ _____ ____ _____   ____  _____ _   _ ____ ___ _   _  ____ 
 _       / / |_   _| ____/ ___|_   _| |  _ \| ____| \ | |  _ \_ _| \ | |/ ___|
(_)____ / /    | | |  _| \___ \ | |   | |_) |  _| |  \| | | | | ||  \| | |  _ 
 |_____/ /     | | | |___ ___) || |   |  __/| |___| |\  | |_| | || |\  | |_| |
(_)   /_/      |_| |_____|____/ |_|   |_|   |_____|_| \_|____/___|_| \_|\____|
                                                                                

TEST PENDING: el usuario deberia  poder ver las diferentes categorias de productos
---------------------------------------------------------------------------------?[0m
]]></system-out>
  <system-err><![CDATA[]]></system-err>
</testsuite>
